# JRE version: Java(TM) SE Runtime Environment (8.0_60-b27) (build 1.8.0_60-b27)
# Java VM: Java HotSpot(TM) 64-Bit Server VM (25.60-b23 mixed mode windows-amd64 compressed oops)
Heap:
 PSYoungGen      total 267264K, used 161817K [0x00000000d5b80000, 0x00000000e6180000, 0x0000000100000000)
  eden space 266240K, 60% used [0x00000000d5b80000,0x00000000df94e6d0,0x00000000e5f80000)
  from space 1024K, 21% used [0x00000000e6080000,0x00000000e60b8000,0x00000000e6180000)
  to   space 1024K, 0% used [0x00000000e5f80000,0x00000000e5f80000,0x00000000e6080000)
 ParOldGen       total 87552K, used 484K [0x0000000081200000, 0x0000000086780000, 0x00000000d5b80000)
  object space 87552K, 0% used [0x0000000081200000,0x0000000081279080,0x0000000086780000)
 Metaspace       used 3054K, capacity 4562K, committed 4864K, reserved 1056768K
  class space    used 319K, capacity 386K, committed 512K, reserved 1048576K
GC Heap History (10 events):
Event: 0.527 GC heap before
{Heap before GC invocations=4 (full 0):
 PSYoungGen      total 38400K, used 33744K [0x00000000d5b80000, 0x00000000da680000, 0x0000000100000000)
  eden space 33280K, 100% used [0x00000000d5b80000,0x00000000d7c00000,0x00000000d7c00000)
  from space 5120K, 9% used [0x00000000d7c00000,0x00000000d7c74030,0x00000000d8100000)
  to   space 5120K, 0% used [0x00000000da180000,0x00000000da180000,0x00000000da680000)
 ParOldGen       total 87552K, used 24K [0x0000000081200000, 0x0000000086780000, 0x00000000d5b80000)
  object space 87552K, 0% used [0x0000000081200000,0x0000000081206000,0x0000000086780000)
 Metaspace       used 3019K, capacity 4494K, committed 4864K, reserved 1056768K
  class space    used 318K, capacity 386K, committed 512K, reserved 1048576K
Event: 0.528 GC heap after
Heap after GC invocations=4 (full 0):
 PSYoungGen      total 71680K, used 544K [0x00000000d5b80000, 0x00000000da680000, 0x0000000100000000)
  eden space 66560K, 0% used [0x00000000d5b80000,0x00000000d5b80000,0x00000000d9c80000)
  from space 5120K, 10% used [0x00000000da180000,0x00000000da208020,0x00000000da680000)
  to   space 5120K, 0% used [0x00000000d9c80000,0x00000000d9c80000,0x00000000da180000)
 ParOldGen       total 87552K, used 32K [0x0000000081200000, 0x0000000086780000, 0x00000000d5b80000)
  object space 87552K, 0% used [0x0000000081200000,0x0000000081208000,0x0000000086780000)
 Metaspace       used 3019K, capacity 4494K, committed 4864K, reserved 1056768K
  class space    used 318K, capacity 386K, committed 512K, reserved 1048576K
}
Event: 0.632 GC heap before
{Heap before GC invocations=5 (full 0):
 PSYoungGen      total 71680K, used 67104K [0x00000000d5b80000, 0x00000000da680000, 0x0000000100000000)
  eden space 66560K, 100% used [0x00000000d5b80000,0x00000000d9c80000,0x00000000d9c80000)
  from space 5120K, 10% used [0x00000000da180000,0x00000000da208020,0x00000000da680000)
  to   space 5120K, 0% used [0x00000000d9c80000,0x00000000d9c80000,0x00000000da180000)
 ParOldGen       total 87552K, used 32K [0x0000000081200000, 0x0000000086780000, 0x00000000d5b80000)
  object space 87552K, 0% used [0x0000000081200000,0x0000000081208000,0x0000000086780000)
 Metaspace       used 3021K, capacity 4494K, committed 4864K, reserved 1056768K
  class space    used 319K, capacity 386K, committed 512K, reserved 1048576K
Event: 0.633 GC heap after
Heap after GC invocations=5 (full 0):
 PSYoungGen      total 71680K, used 576K [0x00000000d5b80000, 0x00000000ddf80000, 0x0000000100000000)
  eden space 66560K, 0% used [0x00000000d5b80000,0x00000000d5b80000,0x00000000d9c80000)
  from space 5120K, 11% used [0x00000000d9c80000,0x00000000d9d10020,0x00000000da180000)
  to   space 1024K, 0% used [0x00000000dde80000,0x00000000dde80000,0x00000000ddf80000)
 ParOldGen       total 87552K, used 32K [0x0000000081200000, 0x0000000086780000, 0x00000000d5b80000)
  object space 87552K, 0% used [0x0000000081200000,0x0000000081208000,0x0000000086780000)
 Metaspace       used 3021K, capacity 4494K, committed 4864K, reserved 1056768K
  class space    used 319K, capacity 386K, committed 512K, reserved 1048576K
}
Event: 0.710 GC heap before
{Heap before GC invocations=6 (full 0):
 PSYoungGen      total 71680K, used 67136K [0x00000000d5b80000, 0x00000000ddf80000, 0x0000000100000000)
  eden space 66560K, 100% used [0x00000000d5b80000,0x00000000d9c80000,0x00000000d9c80000)
  from space 5120K, 11% used [0x00000000d9c80000,0x00000000d9d10020,0x00000000da180000)
  to   space 1024K, 0% used [0x00000000dde80000,0x00000000dde80000,0x00000000ddf80000)
 ParOldGen       total 87552K, used 32K [0x0000000081200000, 0x0000000086780000, 0x00000000d5b80000)
  object space 87552K, 0% used [0x0000000081200000,0x0000000081208000,0x0000000086780000)
 Metaspace       used 3021K, capacity 4494K, committed 4864K, reserved 1056768K
  class space    used 319K, capacity 386K, committed 512K, reserved 1048576K
Event: 0.711 GC heap after
Heap after GC invocations=6 (full 0):
 PSYoungGen      total 134144K, used 576K [0x00000000d5b80000, 0x00000000ddf80000, 0x0000000100000000)
  eden space 133120K, 0% used [0x00000000d5b80000,0x00000000d5b80000,0x00000000ddd80000)
  from space 1024K, 56% used [0x00000000dde80000,0x00000000ddf10020,0x00000000ddf80000)
  to   space 1024K, 0% used [0x00000000ddd80000,0x00000000ddd80000,0x00000000dde80000)
 ParOldGen       total 87552K, used 40K [0x0000000081200000, 0x0000000086780000, 0x00000000d5b80000)
  object space 87552K, 0% used [0x0000000081200000,0x000000008120a000,0x0000000086780000)
 Metaspace       used 3021K, capacity 4494K, committed 4864K, reserved 1056768K
  class space    used 319K, capacity 386K, committed 512K, reserved 1048576K
}
Event: 0.781 GC heap before
{Heap before GC invocations=7 (full 0):
 PSYoungGen      total 134144K, used 133696K [0x00000000d5b80000, 0x00000000ddf80000, 0x0000000100000000)
  eden space 133120K, 100% used [0x00000000d5b80000,0x00000000ddd80000,0x00000000ddd80000)
  from space 1024K, 56% used [0x00000000dde80000,0x00000000ddf10020,0x00000000ddf80000)
  to   space 1024K, 0% used [0x00000000ddd80000,0x00000000ddd80000,0x00000000dde80000)
 ParOldGen       total 87552K, used 40K [0x0000000081200000, 0x0000000086780000, 0x00000000d5b80000)
  object space 87552K, 0% used [0x0000000081200000,0x000000008120a000,0x0000000086780000)
 Metaspace       used 3021K, capacity 4494K, committed 4864K, reserved 1056768K
  class space    used 319K, capacity 386K, committed 512K, reserved 1048576K
Event: 0.782 GC heap after
Heap after GC invocations=7 (full 0):
 PSYoungGen      total 134144K, used 288K [0x00000000d5b80000, 0x00000000e6180000, 0x0000000100000000)
  eden space 133120K, 0% used [0x00000000d5b80000,0x00000000d5b80000,0x00000000ddd80000)
  from space 1024K, 28% used [0x00000000ddd80000,0x00000000dddc8000,0x00000000dde80000)
  to   space 1024K, 0% used [0x00000000e6080000,0x00000000e6080000,0x00000000e6180000)
 ParOldGen       total 87552K, used 468K [0x0000000081200000, 0x0000000086780000, 0x00000000d5b80000)
  object space 87552K, 0% used [0x0000000081200000,0x0000000081275080,0x0000000086780000)
 Metaspace       used 3021K, capacity 4494K, committed 4864K, reserved 1056768K
  class space    used 319K, capacity 386K, committed 512K, reserved 1048576K
}
Event: 0.835 GC heap before
{Heap before GC invocations=8 (full 0):
 PSYoungGen      total 134144K, used 133408K [0x00000000d5b80000, 0x00000000e6180000, 0x0000000100000000)
  eden space 133120K, 100% used [0x00000000d5b80000,0x00000000ddd80000,0x00000000ddd80000)
  from space 1024K, 28% used [0x00000000ddd80000,0x00000000dddc8000,0x00000000dde80000)
  to   space 1024K, 0% used [0x00000000e6080000,0x00000000e6080000,0x00000000e6180000)
 ParOldGen       total 87552K, used 468K [0x0000000081200000, 0x0000000086780000, 0x00000000d5b80000)
  object space 87552K, 0% used [0x0000000081200000,0x0000000081275080,0x0000000086780000)
 Metaspace       used 3026K, capacity 4494K, committed 4864K, reserved 1056768K
  class space    used 319K, capacity 386K, committed 512K, reserved 1048576K
Event: 0.836 GC heap after
Heap after GC invocations=8 (full 0):
 PSYoungGen      total 267264K, used 224K [0x00000000d5b80000, 0x00000000e6180000, 0x0000000100000000)
  eden space 266240K, 0% used [0x00000000d5b80000,0x00000000d5b80000,0x00000000e5f80000)
  from space 1024K, 21% used [0x00000000e6080000,0x00000000e60b8000,0x00000000e6180000)
  to   space 1024K, 0% used [0x00000000e5f80000,0x00000000e5f80000,0x00000000e6080000)
 ParOldGen       total 87552K, used 484K [0x0000000081200000, 0x0000000086780000, 0x00000000d5b80000)
  object space 87552K, 0% used [0x0000000081200000,0x0000000081279080,0x0000000086780000)
 Metaspace       used 3026K, capacity 4494K, committed 4864K, reserved 1056768K
  class space    used 319K, capacity 386K, committed 512K, reserved 1048576K
}

